<?xml version="1.0" encoding="UTF-8"?>
<!-- Generated by org.testng.reporters.JUnitReportReporter -->
<testsuite hostname="CDWILT004" failures="0" tests="8" name="frontend.Login" time="11.362" errors="0" timestamp="2022-07-27T15:03:52 SGT" skipped="0">
  <testcase classname="frontend.Login" name="verifyLogin" time="1.972"/>
  <system-out/>
  <testcase classname="frontend.Login" name="clickLoginButton" time="0.094"/>
  <system-out/>
  <testcase classname="frontend.Login" name="inputOTP" time="0.104"/>
  <system-out/>
  <testcase classname="frontend.Login" name="goToSite" time="3.103"/>
  <system-out/>
  <testcase classname="frontend.Login" name="inputPassID" time="1.276"/>
  <system-out/>
  <testcase classname="frontend.Login" name="closeAnnouncement" time="3.560"/>
  <system-out/>
  <testcase classname="frontend.Login" name="clickLoginOption" time="1.100"/>
  <system-out/>
  <testcase classname="frontend.Login" name="inputUserID" time="0.153"/>
  <system-out/>
</testsuite> <!-- frontend.Login -->
