<?xml version="1.0" encoding="UTF-8"?>
<!-- Generated by org.testng.reporters.JUnitReportReporter -->
<testsuite hostname="CDWILT004" failures="0" tests="3" name="frontend.Register" time="5.844" errors="0" timestamp="2022-07-27T15:33:12 SGT" skipped="0">
  <testcase classname="frontend.Register" name="goToSite" time="1.068"/>
  <system-out/>
  <testcase classname="frontend.Register" name="closeAnnouncement" time="3.667"/>
  <system-out/>
  <testcase classname="frontend.Register" name="clickRegisterOption" time="1.109"/>
  <system-out/>
</testsuite> <!-- frontend.Register -->
