<?xml version="1.0" encoding="UTF-8"?>
<!-- Generated by org.testng.reporters.JUnitReportReporter -->
<testsuite hostname="CDWILT004" failures="0" tests="10" name="frontend.Register" time="16.410" errors="0" timestamp="2022-07-28T10:42:36 SGT" skipped="0">
  <testcase classname="frontend.Register" name="inputUserID" time="0.153"/>
  <system-out/>
  <testcase classname="frontend.Register" name="inputPassID" time="1.247"/>
  <system-out/>
  <testcase classname="frontend.Register" name="goToSite" time="1.855"/>
  <system-out/>
  <testcase classname="frontend.Register" name="verifyRegister" time="6.160"/>
  <system-out/>
  <testcase classname="frontend.Register" name="closeAnnouncement" time="3.712"/>
  <system-out/>
  <testcase classname="frontend.Register" name="clickRegisterOption" time="1.086"/>
  <system-out/>
  <testcase classname="frontend.Register" name="inputCaptcha" time="0.097"/>
  <system-out/>
  <testcase classname="frontend.Register" name="inputReferral" time="1.188"/>
  <system-out/>
  <testcase classname="frontend.Register" name="inputDateOfBirth" time="0.841"/>
  <system-out/>
  <testcase classname="frontend.Register" name="clickRegisterButton" time="0.071"/>
  <system-out/>
</testsuite> <!-- frontend.Register -->
