<?xml version="1.0" encoding="UTF-8"?>
<!-- Generated by org.testng.reporters.JUnitReportReporter -->
<testsuite hostname="CDWILT004" failures="0" tests="9" name="frontend.Logout" time="13.037" errors="0" timestamp="2022-07-27T15:37:58 SGT" skipped="0">
  <testcase classname="frontend.Logout" name="clickLoginButton" time="0.080"/>
  <system-out/>
  <testcase classname="frontend.Logout" name="verifyLogin" time="1.576"/>
  <system-out/>
  <testcase classname="frontend.Logout" name="inputPassID" time="1.262"/>
  <system-out/>
  <testcase classname="frontend.Logout" name="goToSite" time="1.579"/>
  <system-out/>
  <testcase classname="frontend.Logout" name="inputOTP" time="0.103"/>
  <system-out/>
  <testcase classname="frontend.Logout" name="clickLogoutButton" time="3.423"/>
  <system-out/>
  <testcase classname="frontend.Logout" name="closeAnnouncement" time="3.744"/>
  <system-out/>
  <testcase classname="frontend.Logout" name="clickLoginOption" time="1.099"/>
  <system-out/>
  <testcase classname="frontend.Logout" name="inputUserID" time="0.171"/>
  <system-out/>
</testsuite> <!-- frontend.Logout -->
