<?xml version="1.0" encoding="UTF-8"?>
<!-- Generated by org.testng.reporters.JUnitReportReporter -->
<testsuite hostname="CDWILT004" failures="0" tests="8" name="frontend.Login" time="11.982" errors="0" timestamp="2022-07-27T15:48:26 SGT" skipped="0">
  <testcase classname="frontend.Login" name="goToSite" time="1.138"/>
  <system-out/>
  <testcase classname="frontend.Login" name="clickLoginButton" time="0.077"/>
  <system-out/>
  <testcase classname="frontend.Login" name="verifyLogin" time="4.261"/>
  <system-out/>
  <testcase classname="frontend.Login" name="inputPassID" time="1.242"/>
  <system-out/>
  <testcase classname="frontend.Login" name="inputOTP" time="0.117"/>
  <system-out/>
  <testcase classname="frontend.Login" name="closeAnnouncement" time="3.867"/>
  <system-out/>
  <testcase classname="frontend.Login" name="clickLoginOption" time="1.100"/>
  <system-out/>
  <testcase classname="frontend.Login" name="inputUserID" time="0.180"/>
  <system-out/>
</testsuite> <!-- frontend.Login -->
